<html>
<body>
<pre>
<h1>µVision Build Log</h1>
<h2>Tool Versions:</h2>
IDE-Version: µVision V5.43.0.0
Copyright (C) 2025 ARM Ltd and ARM Germany GmbH. All rights reserved.
License Information: H anajolynnarante@gmail.com, Y, LIC=----
 
Tool Versions:
Toolchain:       MDK-Lite  Version: 5.43.0.0
Toolchain Path:  C:\Keil_v5\ARM\ARMCLANG\Bin
C Compiler:      ArmClang.exe V6.24
Assembler:       Armasm.exe V6.24
Linker/Locator:  ArmLink.exe V6.24
Library Manager: ArmAr.exe V6.24
Hex Converter:   FromElf.exe V6.24
CPU DLL:         SARMCM3.DLL V5.43.0.0
Dialog DLL:      DCM.DLL V1.17.5.0
Target DLL:      UL2CM3.DLL V1.164.16.0
Dialog DLL:      TCM.DLL V1.56.6.0
 
<h2>Project:</h2>
C:\Users\anajo\OneDrive\Desktop\WS_347\Project2P3\github-practice-group-14\Project2P3\Project2P3.uvprojx
Project File Date:  10/13/2025

<h2>Output:</h2>
*** Using Compiler 'V6.24', folder: 'C:\Keil_v5\ARM\ARMCLANG\Bin'
Rebuild target 'HW_PWM_Car'
compiling GPIO.c...
compiling ADC0SS3.c...
compiling HW_PWM_Car.c...
compiling Timer1A.c...
compiling PWM.c...
FollowMe.c(13): warning: In file included from...
.\FollowMe.h(12): error: call to undeclared function 'Timer1A_Delay'; ISO C99 and later do not support implicit function declarations [-Wimplicit-function-declaration]
   12 |                 Timer1A_Delay(ONE_SEC);
      |                 ^
.\FollowMe.h(12): error: use of undeclared identifier 'ONE_SEC'
   12 |                 Timer1A_Delay(ONE_SEC);
      |                               ^
.\FollowMe.h(18): error: call to undeclared function 'Timer1A_Delay'; ISO C99 and later do not support implicit function declarations [-Wimplicit-function-declaration]
   18 |                 Timer1A_Delay(ONE_SEC);
      |                 ^
.\FollowMe.h(18): error: use of undeclared identifier 'ONE_SEC'
   18 |                 Timer1A_Delay(ONE_SEC);
      |                               ^
.\FollowMe.h(24): error: call to undeclared function 'Timer1A_Delay'; ISO C99 and later do not support implicit function declarations [-Wimplicit-function-declaration]
   24 |                 Timer1A_Delay(ONE_SEC);
      |                 ^
.\FollowMe.h(24): error: use of undeclared identifier 'ONE_SEC'
   24 |                 Timer1A_Delay(ONE_SEC);
      |                               ^
FollowMe.c(24): error: call to undeclared function 'ADC0_Seq3_Ch9_Init'; ISO C99 and later do not support implicit function declarations [-Wimplicit-function-declaration]
   24 |         ADC0_Seq3_Ch9_Init();       // ADC initialization PE4/AIN9
      |         ^
FollowMe.c(40): error: call to undeclared function 'ReadADCMedianFilter'; ISO C99 and later do not support implicit function declarations [-Wimplicit-function-declaration]
   40 |     ADCvalue = ReadADCMedianFilter();  // read one value
      |                ^
FollowMe.c(45): error: call to undeclared function 'ReadADCMedianFilter'; ISO C99 and later do not support implicit function declarations [-Wimplicit-function-declaration]
   45 |                         ADCvalue = ReadADCMedianFilter();  // read one value
      |                                    ^
FollowMe.c(49): error: call to undeclared function 'ReadADCMedianFilter'; ISO C99 and later do not support implicit function declarations [-Wimplicit-function-declaration]
   49 |                 ADCvalue = ReadADCMedianFilter();
      |                            ^
10 errors generated.
compiling FollowMe.c...
assembling startup.s...
compiling ADCFilterTestMain.c...
".\Hardware_PWM_Car.axf" - 10 Error(s), 0 Warning(s).

<h2>Software Packages used:</h2>

Package Vendor: ARM
                https://www.keil.com/pack/ARM.CMSIS.6.2.0.pack
                ARM::CMSIS@6.2.0
                CMSIS (Common Microcontroller Software Interface Standard)
   * Component: CORE Version: 6.1.1

Package Vendor: Keil
                http://www.keil.com/pack/Keil.TM4C_DFP.1.1.0.pack
                Keil::TM4C_DFP@1.1.0
                Texas Instruments Tiva C Series Device Support and Examples

<h2>Collection of Component include folders:</h2>
  ./RTE/_HW_PWM_Car
  C:/Arm/Packs/ARM/CMSIS/6.2.0/CMSIS/Core/Include
  C:/Arm/Packs/Keil/TM4C_DFP/1.1.0/Device/Include/TM4C123

<h2>Collection of Component Files used:</h2>

   * Component: ARM::CMSIS:CORE@6.1.1
Target not created.
Build Time Elapsed:  00:00:01
</pre>
</body>
</html>
